TN:
SF:app.js
FNF:0
FNH:0
DA:1,3
DA:2,3
DA:3,3
DA:5,3
DA:10,3
DA:12,3
DA:13,3
DA:16,3
LF:8
LH:8
BRF:0
BRH:0
end_of_record
TN:
SF:bookController.js
FN:4,(anonymous_0)
FN:18,(anonymous_1)
FN:31,(anonymous_2)
FN:50,(anonymous_3)
FN:71,(anonymous_4)
FNF:5
FNH:5
FNDA:2,(anonymous_0)
FNDA:2,(anonymous_1)
FNDA:2,(anonymous_2)
FNDA:2,(anonymous_3)
FNDA:2,(anonymous_4)
DA:1,3
DA:4,3
DA:5,2
DA:7,2
DA:8,2
DA:9,2
DA:10,2
DA:12,0
DA:13,0
DA:18,3
DA:19,2
DA:20,2
DA:21,2
DA:25,0
DA:26,0
DA:31,3
DA:32,2
DA:33,2
DA:34,2
DA:35,2
DA:36,1
DA:40,1
DA:44,0
DA:45,0
DA:50,3
DA:51,2
DA:52,2
DA:54,2
DA:55,2
DA:60,2
DA:61,1
DA:63,1
DA:65,0
DA:66,0
DA:71,3
DA:72,2
DA:74,2
DA:75,2
DA:76,2
DA:77,1
DA:79,1
DA:81,0
DA:82,0
DA:86,3
LF:44
LH:34
BRDA:35,0,0,1
BRDA:35,0,1,1
BRDA:60,1,0,1
BRDA:60,1,1,1
BRDA:76,2,0,1
BRDA:76,2,1,1
BRF:6
BRH:6
end_of_record
TN:
SF:bookRoutes.js
FNF:0
FNH:0
DA:1,3
DA:2,3
DA:4,3
DA:6,3
DA:7,3
DA:8,3
DA:9,3
DA:10,3
DA:13,3
LF:9
LH:9
BRF:0
BRH:0
end_of_record
TN:
SF:dbConfig.js
FN:6,(anonymous_0)
FNF:1
FNH:1
FNDA:3,(anonymous_0)
DA:1,3
DA:2,3
DA:3,3
DA:6,3
DA:7,3
DA:8,3
DA:13,3
DA:15,0
DA:16,0
DA:20,3
LF:10
LH:8
BRF:0
BRH:0
end_of_record
TN:
SF:userController.js
FN:6,(anonymous_0)
FN:31,(anonymous_1)
FNF:2
FNH:2
FNDA:3,(anonymous_0)
FNDA:2,(anonymous_1)
DA:1,3
DA:6,3
DA:7,3
DA:9,3
DA:10,3
DA:12,3
DA:13,1
DA:16,2
DA:18,2
DA:19,2
DA:25,0
DA:26,0
DA:31,3
DA:32,2
DA:33,2
DA:34,2
DA:35,0
DA:39,2
DA:40,2
DA:41,0
DA:46,2
DA:47,2
DA:52,3
LF:23
LH:19
BRDA:12,0,0,1
BRDA:12,0,1,2
BRDA:34,1,0,0
BRDA:34,1,1,2
BRDA:40,2,0,0
BRDA:40,2,1,2
BRF:6
BRH:4
end_of_record
TN:
SF:userRoutes.js
FNF:0
FNH:0
DA:1,3
DA:2,3
DA:4,3
DA:6,3
DA:8,3
DA:11,3
LF:6
LH:6
BRF:0
BRH:0
end_of_record
TN:
SF:models\Books.js
FNF:0
FNH:0
DA:1,3
DA:3,3
DA:5,3
DA:13,3
LF:4
LH:4
BRF:0
BRH:0
end_of_record
TN:
SF:models\User.js
FNF:0
FNH:0
DA:1,3
DA:3,3
DA:5,3
DA:11,3
LF:4
LH:4
BRF:0
BRH:0
end_of_record
